> connect <
 % Stmts | % Branch | % Funcs | % Lines |
    8.32 |     4.33 |    5.65 |    9.35 |

> express <
 % Stmts | % Branch | % Funcs | % Lines |
   20.03 |    12.43 |   15.34 |   22.32 |

> fastify <
 % Stmts | % Branch | % Funcs | % Lines |
    5.19 |     8.33 |    2.07 |    5.26 |

> json-server <
 % Stmts | % Branch | % Funcs | % Lines |
   13.63 |     8.58 |   10.85 |   14.82 |

> koa <
 % Stmts | % Branch | % Funcs | % Lines |
   19.63 |    12.53 |   12.99 |   20.18 |

> st <
 % Stmts | % Branch | % Funcs | % Lines |
   13.33 |     9.65 |   10.42 |   13.95 |
