> d3-dsv <
 % Stmts | % Branch | % Funcs | % Lines |
   20.84 |    13.26 |   13.89 |   23.37 |

> docco <
 % Stmts | % Branch | % Funcs | % Lines |
   16.81 |     6.14 |   12.07 |   22.17 |

> dot-object <
 % Stmts | % Branch | % Funcs | % Lines |
    22.5 |    11.11 |   15.77 |   23.45 |

> dox <
 % Stmts | % Branch | % Funcs | % Lines |
    3.12 |     0.68 |    1.91 |    3.39 |

> findup <
 % Stmts | % Branch | % Funcs | % Lines |
   37.54 |    32.53 |   29.88 |   38.19 |

> html-minifier <
 % Stmts | % Branch | % Funcs | % Lines |
    3.11 |        1 |    1.31 |    5.09 |

> js-cfb <
 % Stmts | % Branch | % Funcs | % Lines |
     5.6 |     4.13 |    8.09 |    7.47 |

> json-refs <
 % Stmts | % Branch | % Funcs | % Lines |
    9.04 |     3.91 |    5.52 |   11.75 |

> json2csv <
 % Stmts | % Branch | % Funcs | % Lines |
   39.04 |    30.56 |   23.84 |   38.93 |

> juice <
 % Stmts | % Branch | % Funcs | % Lines |
    7.63 |     3.53 |    5.04 |   12.32 |

> metalsmith <
 % Stmts | % Branch | % Funcs | % Lines |
   11.28 |     5.69 |   10.97 |   12.02 |

> mocha <
 % Stmts | % Branch | % Funcs | % Lines |
    5.27 |     2.46 |    2.43 |    7.43 |

> mockjs <
 % Stmts | % Branch | % Funcs | % Lines |
    8.25 |     2.65 |    6.59 |   11.74 |

> sails <
 % Stmts | % Branch | % Funcs | % Lines |
    4.36 |     1.79 |    2.33 |    5.06 |

> svgicons2svgfont <
 % Stmts | % Branch | % Funcs | % Lines |
     9.9 |     7.88 |    6.06 |   10.54 |

> traceur <
 % Stmts | % Branch | % Funcs | % Lines |

> uglify-js <
 % Stmts | % Branch | % Funcs | % Lines |
    2.63 |     0.93 |     1.4 |    2.95 |

> xss <
 % Stmts | % Branch | % Funcs | % Lines |
   26.38 |    18.42 |   19.79 |   37.61 |

> yaml-front-matter <
 % Stmts | % Branch | % Funcs | % Lines |
    7.06 |     1.28 |     8.9 |     7.7 |
